Copyright 1986-2019 Xilinx, Inc. All Rights Reserved.
-----------------------------------------------------------------------------------------------------------------------------------------------------------------------------------------
| Tool Version : Vivado v.2019.2 (lin64) Build 2708876 Wed Nov  6 21:39:14 MST 2019
| Date         : Wed May 27 21:34:17 2020
| Host         : parallels-Parallels-Virtual-Platform running 64-bit Ubuntu 18.04.4 LTS
| Command      : report_methodology -file zb_simple_wrapper_methodology_drc_routed.rpt -pb zb_simple_wrapper_methodology_drc_routed.pb -rpx zb_simple_wrapper_methodology_drc_routed.rpx
| Design       : zb_simple_wrapper
| Device       : xc7z010clg225-1
| Speed File   : -1
| Design State : Fully Routed
-----------------------------------------------------------------------------------------------------------------------------------------------------------------------------------------

Report Methodology

Table of Contents
-----------------
1. REPORT SUMMARY
2. REPORT DETAILS

1. REPORT SUMMARY
-----------------
            Netlist: netlist
          Floorplan: design_1
      Design limits: <entire design considered>
             Max violations: <unlimited>
             Violations found: 0
+------+----------+-------------+------------+
| Rule | Severity | Description | Violations |
+------+----------+-------------+------------+
+------+----------+-------------+------------+

2. REPORT DETAILS
-----------------

