Copyright 1986-2019 Xilinx, Inc. All Rights Reserved.
------------------------------------------------------------------------------------------------------------------------------------------
| Tool Version : Vivado v.2019.2 (lin64) Build 2708876 Wed Nov  6 21:39:14 MST 2019
| Date         : Wed May 27 21:34:06 2020
| Host         : parallels-Parallels-Virtual-Platform running 64-bit Ubuntu 18.04.4 LTS
| Command      : report_drc -file zb_simple_wrapper_drc_opted.rpt -pb zb_simple_wrapper_drc_opted.pb -rpx zb_simple_wrapper_drc_opted.rpx
| Design       : zb_simple_wrapper
| Device       : xc7z010clg225-1
| Speed File   : -1
| Design State : Synthesized
------------------------------------------------------------------------------------------------------------------------------------------

Report DRC

Table of Contents
-----------------
1. REPORT SUMMARY
2. REPORT DETAILS

1. REPORT SUMMARY
-----------------
            Netlist: netlist
          Floorplan: design_1
      Design limits: <entire design considered>
           Ruledeck: default
             Max violations: <unlimited>
             Violations found: 0
+------+----------+-------------+------------+
| Rule | Severity | Description | Violations |
+------+----------+-------------+------------+
+------+----------+-------------+------------+

2. REPORT DETAILS
-----------------

